23:03:10 INFO  : Registering command handlers for SDK TCF services
23:03:11 INFO  : Launching XSCT server: xsct.bat -interactive C:\Users\usman\Desktop\FPGAstuffs\hdmi\hdmi.sdk\temp_xsdb_launch_script.tcl
23:03:13 INFO  : XSCT server has started successfully.
23:03:15 INFO  : Successfully done setting XSCT server connection channel  
23:03:15 INFO  : Successfully done setting SDK workspace  
23:03:15 INFO  : Processing command line option -hwspec C:/Users/usman/Desktop/FPGAstuffs/hdmi/hdmi.sdk/design_1_wrapper.hdf.
23:07:35 INFO  : Connected to target on host '127.0.0.1' and port '3121'.
23:07:36 INFO  : 'targets -set -filter {jtag_cable_name =~ "Xilinx TUL 1234-tulA" && level==0} -index 1' command is executed.
23:07:38 INFO  : FPGA configured successfully with bitstream "C:/Users/usman/Desktop/FPGAstuffs/hdmi/hdmi.sdk/design_1_wrapper_hw_platform_0/design_1_wrapper.bit"
23:07:50 INFO  : 'targets -set -filter {jtag_cable_name =~ "Xilinx TUL 1234-tulA" && level==0} -index 1' command is executed.
23:07:50 INFO  : 'fpga -state' command is executed.
23:07:50 INFO  : Connected to target on host '127.0.0.1' and port '3121'.
23:07:51 INFO  : Jtag cable 'Xilinx TUL 1234-tulA' is selected.
23:07:51 INFO  : 'jtag frequency' command is executed.
23:07:51 INFO  : Sourcing of 'C:/Users/usman/Desktop/FPGAstuffs/hdmi/hdmi.sdk/design_1_wrapper_hw_platform_0/ps7_init.tcl' is done.
23:07:51 INFO  : Context for 'APU' is selected.
23:07:51 INFO  : Hardware design information is loaded from 'C:/Users/usman/Desktop/FPGAstuffs/hdmi/hdmi.sdk/design_1_wrapper_hw_platform_0/system.hdf'.
23:07:51 INFO  : 'configparams force-mem-access 1' command is executed.
23:07:51 INFO  : Context for 'APU' is selected.
23:07:51 INFO  : 'stop' command is executed.
23:07:51 INFO  : 'ps7_init' command is executed.
23:07:51 INFO  : 'ps7_post_config' command is executed.
23:07:51 INFO  : Context for processor 'ps7_cortexa9_0' is selected.
23:07:51 INFO  : Processor reset is completed for 'ps7_cortexa9_0'.
23:07:51 INFO  : Context for processor 'ps7_cortexa9_0' is selected.
23:07:51 INFO  : The application 'C:/Users/usman/Desktop/FPGAstuffs/hdmi/hdmi.sdk/hello/Debug/hello.elf' is downloaded to processor 'ps7_cortexa9_0'.
23:07:51 INFO  : 'configparams force-mem-access 0' command is executed.
23:07:51 INFO  : ----------------XSDB Script----------------
connect -url tcp:127.0.0.1:3121
source C:/Users/usman/Desktop/FPGAstuffs/hdmi/hdmi.sdk/design_1_wrapper_hw_platform_0/ps7_init.tcl
targets -set -nocase -filter {name =~"APU*" && jtag_cable_name =~ "Xilinx TUL 1234-tulA"} -index 0
loadhw -hw C:/Users/usman/Desktop/FPGAstuffs/hdmi/hdmi.sdk/design_1_wrapper_hw_platform_0/system.hdf -mem-ranges [list {0x40000000 0xbfffffff}]
configparams force-mem-access 1
targets -set -nocase -filter {name =~"APU*" && jtag_cable_name =~ "Xilinx TUL 1234-tulA"} -index 0
stop
ps7_init
ps7_post_config
targets -set -nocase -filter {name =~ "ARM*#0" && jtag_cable_name =~ "Xilinx TUL 1234-tulA"} -index 0
rst -processor
targets -set -nocase -filter {name =~ "ARM*#0" && jtag_cable_name =~ "Xilinx TUL 1234-tulA"} -index 0
dow C:/Users/usman/Desktop/FPGAstuffs/hdmi/hdmi.sdk/hello/Debug/hello.elf
configparams force-mem-access 0
----------------End of Script----------------

23:07:51 INFO  : Memory regions updated for context APU
23:07:51 INFO  : Context for processor 'ps7_cortexa9_0' is selected.
23:07:51 INFO  : 'con' command is executed.
23:07:51 INFO  : ----------------XSDB Script (After Launch)----------------
targets -set -nocase -filter {name =~ "ARM*#0" && jtag_cable_name =~ "Xilinx TUL 1234-tulA"} -index 0
con
----------------End of Script----------------

23:07:51 INFO  : Launch script is exported to file 'C:\Users\usman\Desktop\FPGAstuffs\hdmi\hdmi.sdk\.sdk\launch_scripts\xilinx_c-c++_application_(system_debugger)\system_debugger_using_debug_hello.elf_on_local.tcl'
